[0mCompiling "resources/public/js/compiled/app.js" from ["src/cljs"]...[0m
[32mSuccessfully compiled "resources/public/js/compiled/app.js" in 0.668 seconds.[0m
notifying browser that file changed:  resources/public/js/compiled/out/goog/deps.js
notifying browser that file changed:  resources/public/js/compiled/out/cljs_deps.js
notifying browser that file changed:  out/wordthing/views.js
[0mCompiling "resources/public/js/compiled/app.js" from ["src/cljs"]...[0m
[32mSuccessfully compiled "resources/public/js/compiled/app.js" in 0.232 seconds.[0m
notifying browser that file changed:  out/wordthing/views.js
[0mCompiling "resources/public/js/compiled/app.js" from ["src/cljs"]...[0m
[32mSuccessfully compiled "resources/public/js/compiled/app.js" in 0.207 seconds.[0m
notifying browser that file changed:  out/wordthing/views.js
[0mCompiling "resources/public/js/compiled/app.js" from ["src/cljs"]...[0m
[32mSuccessfully compiled "resources/public/js/compiled/app.js" in 0.576 seconds.[0m
notifying browser that file changed:  out/wordthing/views.js
[0mCompiling "resources/public/js/compiled/app.js" from ["src/cljs"]...[0m
[31mFailed to compile "resources/public/js/compiled/app.js" in 0.142 seconds.[0m
[36m----  Could not Read  src/cljs/wordthing/views.cljs   line:12  column:58  ----[0m

  [1mUnmatched delimiter )[0m

  [36m10[0m  [36m      [:div [:h1 "Writing inspirationifier"][0m
  [36m11[0m  [36m      [:button "Inspire me"[0m
  [33m12[0m  [1m       [:div [:a {:href "#/about"} "go to About Page"]]])))[0m
  [0m  [0m  [33m                                                         ^--- Unmatched delimiter )[0m
  [36m13[0m  [36m[0m
  [36m14[0m  [36m[0m
  [36m15[0m  [36m;; about[0m

[36m----  Reader Error : Please see src/cljs/wordthing/views.cljs  ----[0m
[0mCompiling "resources/public/js/compiled/app.js" from ["src/cljs"]...[0m
[31mFailed to compile "resources/public/js/compiled/app.js" in 0.096 seconds.[0m
[36m----  Could not Read  src/cljs/wordthing/views.cljs   line:12  column:58  ----[0m

  [1mUnmatched delimiter )[0m

  [36m10[0m  [36m      [:div [:h1 "Writing inspirationifier"][0m
  [36m11[0m  [36m      [:button "Inspire me."[0m
  [33m12[0m  [1m       [:div [:a {:href "#/about"} "go to About Page"]]])))[0m
  [0m  [0m  [33m                                                         ^--- Unmatched delimiter )[0m
  [36m13[0m  [36m[0m
  [36m14[0m  [36m[0m
  [36m15[0m  [36m;; about[0m

[36m----  Reader Error : Please see src/cljs/wordthing/views.cljs  ----[0m
[0mCompiling "resources/public/js/compiled/app.js" from ["src/cljs"]...[0m
[31mFailed to compile "resources/public/js/compiled/app.js" in 0.099 seconds.[0m
[36m----  Could not Read  src/cljs/wordthing/views.cljs   line:12  column:58  ----[0m

  [1mUnmatched delimiter )[0m

  [36m10[0m  [36m      [:div [:h1 "Writing inspirationifier"][0m
  [36m11[0m  [36m      [:button "Inspire me."[0m
  [33m12[0m  [1m       [:div [:a {:href "#/about"} "go to About Page"]]]))[0m
  [0m  [0m  [33m                                                         ^--- Unmatched delimiter )[0m
  [36m13[0m  [36m[0m
  [36m14[0m  [36m[0m
  [36m15[0m  [36m;; about[0m

[36m----  Reader Error : Please see src/cljs/wordthing/views.cljs  ----[0m
[0mCompiling "resources/public/js/compiled/app.js" from ["src/cljs"]...[0m
[31mFailed to compile "resources/public/js/compiled/app.js" in 0.092 seconds.[0m
[36m----  Could not Read  src/cljs/wordthing/views.cljs   line:12  column:57  ----[0m

  [1mUnmatched delimiter )[0m

  [36m10[0m  [36m      [:div [:h1 "Writing inspirationifier"][0m
  [36m11[0m  [36m      [:button "Inspire me."[0m
  [33m12[0m  [1m       [:div [:a {:href "#/about"} "go to About Page"]])))[0m
  [0m  [0m  [33m                                                        ^--- Unmatched delimiter )[0m
  [36m13[0m  [36m[0m
  [36m14[0m  [36m[0m
  [36m15[0m  [36m;; about[0m

[36m----  Reader Error : Please see src/cljs/wordthing/views.cljs  ----[0m
[0mCompiling "resources/public/js/compiled/app.js" from ["src/cljs"]...[0m
[31mFailed to compile "resources/public/js/compiled/app.js" in 0.082 seconds.[0m
[36m----  Could not Read  src/cljs/wordthing/views.cljs   line:12  column:57  ----[0m

  [1mUnmatched delimiter )[0m

  [36m10[0m  [36m      [:div [:h1 "Writing inspirationifier"][0m
  [36m11[0m  [36m      [:button "Inspire me."][0m
  [33m12[0m  [1m       [:div [:a {:href "#/about"} "go to About Page"]])))[0m
  [0m  [0m  [33m                                                        ^--- Unmatched delimiter )[0m
  [36m13[0m  [36m[0m
  [36m14[0m  [36m[0m
  [36m15[0m  [36m;; about[0m

[36m----  Reader Error : Please see src/cljs/wordthing/views.cljs  ----[0m
[0mCompiling "resources/public/js/compiled/app.js" from ["src/cljs"]...[0m
[32mSuccessfully compiled "resources/public/js/compiled/app.js" in 0.173 seconds.[0m
notifying browser that file changed:  out/wordthing/views.js
[0mCompiling "resources/public/js/compiled/app.js" from ["src/cljs"]...[0m
[32mSuccessfully compiled "resources/public/js/compiled/app.js" in 0.478 seconds.[0m
notifying browser that file changed:  out/wordthing/views.js
[0mCompiling "resources/public/js/compiled/app.js" from ["src/cljs"]...[0m
[32mSuccessfully compiled "resources/public/js/compiled/app.js" in 0.153 seconds.[0m
notifying browser that file changed:  out/wordthing/views.js
[0mCompiling "resources/public/js/compiled/app.js" from ["src/cljs"]...[0m
[32mSuccessfully compiled "resources/public/js/compiled/app.js" in 0.626 seconds.[0m
notifying browser that file changed:  out/wordthing/views.js
